<?xml version="1.0" encoding="UTF-8"?>
<coverage generated="1743507797203" clover="3.2.0">
  <project timestamp="1743507797206" name="All files">
    <metrics statements="62" coveredstatements="52" conditionals="14" coveredconditionals="7" methods="15" coveredmethods="12" elements="91" coveredelements="71" complexity="0" loc="62" ncloc="62" packages="3" files="4" classes="4"/>
    <package name="src">
      <metrics statements="15" coveredstatements="15" conditionals="6" coveredconditionals="5" methods="3" coveredmethods="3"/>
      <file name="App.tsx" path="C:\Users\srinu\Downloads\public_holidays\src\App.tsx">
        <metrics statements="15" coveredstatements="15" conditionals="6" coveredconditionals="5" methods="3" coveredmethods="3"/>
        <line num="1" count="1" type="stmt"/>
        <line num="2" count="1" type="stmt"/>
        <line num="3" count="1" type="stmt"/>
        <line num="5" count="1" type="stmt"/>
        <line num="6" count="1" type="stmt"/>
        <line num="8" count="1" type="stmt"/>
        <line num="9" count="5" type="stmt"/>
        <line num="10" count="5" type="stmt"/>
        <line num="13" count="5" type="stmt"/>
        <line num="16" count="2" type="stmt"/>
        <line num="18" count="1" type="cond" truecount="1" falsecount="1"/>
        <line num="23" count="1" type="stmt"/>
        <line num="24" count="1" type="stmt"/>
        <line num="31" count="5" type="stmt"/>
        <line num="41" count="1" type="stmt"/>
      </file>
    </package>
    <package name="src.api">
      <metrics statements="12" coveredstatements="2" conditionals="5" coveredconditionals="0" methods="3" coveredmethods="0"/>
      <file name="holidayApi.tsx" path="C:\Users\srinu\Downloads\public_holidays\src\api\holidayApi.tsx">
        <metrics statements="12" coveredstatements="2" conditionals="5" coveredconditionals="0" methods="3" coveredmethods="0"/>
        <line num="5" count="1" type="stmt"/>
        <line num="6" count="0" type="cond" truecount="0" falsecount="1"/>
        <line num="7" count="0" type="cond" truecount="0" falsecount="1"/>
        <line num="8" count="0" type="stmt"/>
        <line num="10" count="0" type="stmt"/>
        <line num="11" count="0" type="stmt"/>
        <line num="16" count="1" type="stmt"/>
        <line num="17" count="0" type="cond" truecount="0" falsecount="2"/>
        <line num="18" count="0" type="cond" truecount="0" falsecount="1"/>
        <line num="19" count="0" type="stmt"/>
        <line num="22" count="0" type="stmt"/>
        <line num="23" count="0" type="stmt"/>
      </file>
    </package>
    <package name="src.components">
      <metrics statements="35" coveredstatements="35" conditionals="3" coveredconditionals="2" methods="9" coveredmethods="9"/>
      <file name="HolidayForm.tsx" path="C:\Users\srinu\Downloads\public_holidays\src\components\HolidayForm.tsx">
        <metrics statements="21" coveredstatements="21" conditionals="2" coveredconditionals="2" methods="6" coveredmethods="6"/>
        <line num="1" count="2" type="stmt"/>
        <line num="2" count="2" type="stmt"/>
        <line num="8" count="13" type="stmt"/>
        <line num="9" count="13" type="stmt"/>
        <line num="10" count="13" type="stmt"/>
        <line num="13" count="13" type="stmt"/>
        <line num="14" count="3" type="stmt"/>
        <line num="15" count="3" type="stmt"/>
        <line num="17" count="13" type="stmt"/>
        <line num="18" count="3" type="stmt"/>
        <line num="22" count="13" type="stmt"/>
        <line num="23" count="12" type="stmt"/>
        <line num="25" count="6" type="stmt"/>
        <line num="27" count="3" type="stmt"/>
        <line num="28" count="2" type="stmt"/>
        <line num="32" count="1" type="stmt"/>
        <line num="33" count="1" type="stmt"/>
        <line num="39" count="6" type="stmt"/>
        <line num="44" count="13" type="stmt"/>
        <line num="49" count="9" type="cond" truecount="2" falsecount="0"/>
        <line num="63" count="2" type="stmt"/>
      </file>
      <file name="HolidayList.tsx" path="C:\Users\srinu\Downloads\public_holidays\src\components\HolidayList.tsx">
        <metrics statements="14" coveredstatements="14" conditionals="1" coveredconditionals="0" methods="3" coveredmethods="3"/>
        <line num="1" count="2" type="stmt"/>
        <line num="8" count="2" type="stmt"/>
        <line num="10" count="2" type="stmt"/>
        <line num="11" count="3" type="stmt"/>
        <line num="12" count="3" type="stmt"/>
        <line num="13" count="3" type="stmt"/>
        <line num="14" count="3" type="stmt"/>
        <line num="15" count="3" type="stmt"/>
        <line num="16" count="3" type="stmt"/>
        <line num="17" count="3" type="stmt"/>
        <line num="23" count="2" type="cond" truecount="0" falsecount="1"/>
        <line num="25" count="2" type="stmt"/>
        <line num="28" count="3" type="stmt"/>
        <line num="42" count="2" type="stmt"/>
      </file>
    </package>
  </project>
</coverage>
