{"C:\\Users\\srinu\\Downloads\\public_holidays\\src\\App.tsx": {"path":"C:\\Users\\srinu\\Downloads\\public_holidays\\src\\App.tsx","statementMap":{"0":{"start":{"line":1,"column":0},"end":{"line":1,"column":47}},"1":{"start":{"line":2,"column":0},"end":{"line":2,"column":51}},"2":{"start":{"line":3,"column":0},"end":{"line":3,"column":51}},"3":{"start":{"line":5,"column":0},"end":{"line":5,"column":49}},"4":{"start":{"line":6,"column":0},"end":{"line":6,"column":20}},"5":{"start":{"line":8,"column":22},"end":{"line":40,"column":1}},"6":{"start":{"line":9,"column":36},"end":{"line":9,"column":68}},"7":{"start":{"line":9,"column":19},"end":{"line":9,"column":21}},"8":{"start":{"line":9,"column":32},"end":{"line":9,"column":36}},"9":{"start":{"line":10,"column":29},"end":{"line":10,"column":41}},"10":{"start":{"line":10,"column":16},"end":{"line":10,"column":17}},"11":{"start":{"line":10,"column":25},"end":{"line":10,"column":29}},"12":{"start":{"line":13,"column":17},"end":{"line":29,"column":null}},"13":{"start":{"line":13,"column":42},"end":{"line":29,"column":null}},"14":{"start":{"line":16,"column":24},"end":{"line":16,"column":null}},"15":{"start":{"line":16,"column":10},"end":{"line":16,"column":null}},"16":{"start":{"line":18,"column":4},"end":{"line":18,"column":74}},"17":{"start":{"line":23,"column":4},"end":{"line":23,"column":23}},"18":{"start":{"line":24,"column":4},"end":{"line":24,"column":41}},"19":{"start":{"line":31,"column":4},"end":{"line":39,"column":null}},"20":{"start":{"line":41,"column":0},"end":{"line":41,"column":null}}},"fnMap":{"0":{"name":"(anonymous_20)","decl":{"start":{"line":8,"column":22},"end":{"line":8,"column":null}},"loc":{"start":{"line":8,"column":22},"end":{"line":40,"column":1}}},"1":{"name":"(anonymous_21)","decl":{"start":{"line":13,"column":17},"end":{"line":13,"column":24}},"loc":{"start":{"line":13,"column":42},"end":{"line":29,"column":null}}},"2":{"name":"(anonymous_22)","decl":{"start":{"line":13,"column":42},"end":{"line":13,"column":null}},"loc":{"start":{"line":13,"column":42},"end":{"line":29,"column":null}}}},"branchMap":{"0":{"loc":{"start":{"line":18,"column":16},"end":{"line":18,"column":72}},"type":"cond-expr","locations":[{"start":{"line":18,"column":45},"end":{"line":18,"column":56}},{"start":{"line":18,"column":59},"end":{"line":18,"column":72}}]},"1":{"loc":{"start":{"line":35,"column":9},"end":{"line":35,"column":34}},"type":"binary-expr","locations":[{"start":{"line":35,"column":9},"end":{"line":35,"column":14}},{"start":{"line":35,"column":18},"end":{"line":35,"column":34}}]},"2":{"loc":{"start":{"line":36,"column":9},"end":{"line":36,"column":56}},"type":"binary-expr","locations":[{"start":{"line":36,"column":9},"end":{"line":36,"column":17}},{"start":{"line":36,"column":21},"end":{"line":36,"column":56}}]}},"s":{"0":1,"1":1,"2":1,"3":1,"4":1,"5":1,"6":5,"7":5,"8":5,"9":5,"10":5,"11":5,"12":5,"13":2,"14":2,"15":2,"16":1,"17":1,"18":1,"19":5,"20":1},"f":{"0":5,"1":2,"2":2},"b":{"0":[1,0],"1":[5,1],"2":[5,1]}}
,"C:\\Users\\srinu\\Downloads\\public_holidays\\src\\api\\holidayApi.tsx": {"path":"C:\\Users\\srinu\\Downloads\\public_holidays\\src\\api\\holidayApi.tsx","statementMap":{"0":{"start":{"line":5,"column":28},"end":{"line":13,"column":null}},"1":{"start":{"line":5,"column":53},"end":{"line":13,"column":null}},"2":{"start":{"line":6,"column":20},"end":{"line":6,"column":null}},"3":{"start":{"line":6,"column":10},"end":{"line":6,"column":null}},"4":{"start":{"line":7,"column":4},"end":{"line":9,"column":null}},"5":{"start":{"line":8,"column":8},"end":{"line":8,"column":null}},"6":{"start":{"line":10,"column":17},"end":{"line":10,"column":null}},"7":{"start":{"line":10,"column":10},"end":{"line":10,"column":null}},"8":{"start":{"line":11,"column":4},"end":{"line":11,"column":null}},"9":{"start":{"line":5,"column":13},"end":{"line":5,"column":28}},"10":{"start":{"line":16,"column":29},"end":{"line":25,"column":null}},"11":{"start":{"line":17,"column":17},"end":{"line":17,"column":null}},"12":{"start":{"line":17,"column":6},"end":{"line":17,"column":null}},"13":{"start":{"line":18,"column":3},"end":{"line":18,"column":4}},"14":{"start":{"line":19,"column":4},"end":{"line":19,"column":47}},"15":{"start":{"line":22,"column":16},"end":{"line":22,"column":null}},"16":{"start":{"line":22,"column":10},"end":{"line":22,"column":null}},"17":{"start":{"line":23,"column":4},"end":{"line":23,"column":null}},"18":{"start":{"line":16,"column":13},"end":{"line":16,"column":29}}},"fnMap":{"0":{"name":"(anonymous_13)","decl":{"start":{"line":5,"column":28},"end":{"line":5,"column":35}},"loc":{"start":{"line":5,"column":53},"end":{"line":13,"column":null}}},"1":{"name":"(anonymous_14)","decl":{"start":{"line":5,"column":62},"end":{"line":5,"column":null}},"loc":{"start":{"line":5,"column":62},"end":{"line":13,"column":null}}},"2":{"name":"(anonymous_16)","decl":{"start":{"line":16,"column":29},"end":{"line":16,"column":null}},"loc":{"start":{"line":16,"column":29},"end":{"line":25,"column":null}}}},"branchMap":{"0":{"loc":{"start":{"line":6,"column":20},"end":{"line":6,"column":null}},"type":"switch","locations":[{"start":{"line":6,"column":20},"end":{"line":6,"column":null}}]},"1":{"loc":{"start":{"line":7,"column":4},"end":{"line":9,"column":null}},"type":"if","locations":[{"start":{"line":7,"column":4},"end":{"line":9,"column":null}}]},"2":{"loc":{"start":{"line":17,"column":17},"end":{"line":17,"column":null}},"type":"switch","locations":[{"start":{"line":17,"column":17},"end":{"line":17,"column":null}},{"start":{"line":22,"column":16},"end":{"line":22,"column":null}}]},"3":{"loc":{"start":{"line":18,"column":3},"end":{"line":18,"column":4}},"type":"if","locations":[{"start":{"line":18,"column":3},"end":{"line":18,"column":4}}]}},"s":{"0":1,"1":0,"2":0,"3":0,"4":0,"5":0,"6":0,"7":0,"8":0,"9":1,"10":1,"11":0,"12":0,"13":0,"14":0,"15":0,"16":0,"17":0,"18":1},"f":{"0":0,"1":0,"2":0},"b":{"0":[0],"1":[0],"2":[0,0],"3":[0]}}
,"C:\\Users\\srinu\\Downloads\\public_holidays\\src\\components\\HolidayForm.tsx": {"path":"C:\\Users\\srinu\\Downloads\\public_holidays\\src\\components\\HolidayForm.tsx","statementMap":{"0":{"start":{"line":1,"column":0},"end":{"line":1,"column":58}},"1":{"start":{"line":2,"column":0},"end":{"line":2,"column":26}},"2":{"start":{"line":8,"column":47},"end":{"line":62,"column":1}},"3":{"start":{"line":8,"column":57},"end":{"line":8,"column":58}},"4":{"start":{"line":9,"column":39},"end":{"line":9,"column":70}},"5":{"start":{"line":9,"column":21},"end":{"line":9,"column":23}},"6":{"start":{"line":9,"column":35},"end":{"line":9,"column":39}},"7":{"start":{"line":10,"column":42},"end":{"line":10,"column":62}},"8":{"start":{"line":10,"column":22},"end":{"line":10,"column":24}},"9":{"start":{"line":10,"column":38},"end":{"line":10,"column":42}},"10":{"start":{"line":13,"column":20},"end":{"line":16,"column":1}},"11":{"start":{"line":14,"column":4},"end":{"line":14,"column":23}},"12":{"start":{"line":15,"column":4},"end":{"line":15,"column":26}},"13":{"start":{"line":17,"column":21},"end":{"line":20,"column":3}},"14":{"start":{"line":18,"column":4},"end":{"line":18,"column":49}},"15":{"start":{"line":22,"column":0},"end":{"line":40,"column":11}},"16":{"start":{"line":23,"column":22},"end":{"line":37,"column":8}},"17":{"start":{"line":25,"column":27},"end":{"line":25,"column":null}},"18":{"start":{"line":25,"column":16},"end":{"line":25,"column":null}},"19":{"start":{"line":27,"column":18},"end":{"line":27,"column":38}},"20":{"start":{"line":28,"column":12},"end":{"line":28,"column":31}},"21":{"start":{"line":32,"column":12},"end":{"line":32,"column":29}},"22":{"start":{"line":33,"column":12},"end":{"line":33,"column":31}},"23":{"start":{"line":39,"column":6},"end":{"line":39,"column":18}},"24":{"start":{"line":44,"column":4},"end":{"line":61,"column":null}},"25":{"start":{"line":49,"column":64},"end":{"line":53,"column":10}},"26":{"start":{"line":63,"column":0},"end":{"line":63,"column":27}}},"fnMap":{"0":{"name":"(anonymous_22)","decl":{"start":{"line":8,"column":47},"end":{"line":8,"column":48}},"loc":{"start":{"line":8,"column":58},"end":{"line":62,"column":1}}},"1":{"name":"(anonymous_23)","decl":{"start":{"line":13,"column":20},"end":{"line":13,"column":21}},"loc":{"start":{"line":13,"column":33},"end":{"line":16,"column":1}}},"2":{"name":"(anonymous_24)","decl":{"start":{"line":17,"column":21},"end":{"line":17,"column":22}},"loc":{"start":{"line":17,"column":65},"end":{"line":20,"column":3}}},"3":{"name":"(anonymous_25)","decl":{"start":{"line":22,"column":11},"end":{"line":22,"column":null}},"loc":{"start":{"line":22,"column":11},"end":{"line":40,"column":5}}},"4":{"name":"(anonymous_26)","decl":{"start":{"line":23,"column":22},"end":{"line":23,"column":null}},"loc":{"start":{"line":23,"column":22},"end":{"line":37,"column":8}}},"5":{"name":"(anonymous_29)","decl":{"start":{"line":49,"column":44},"end":{"line":49,"column":45}},"loc":{"start":{"line":49,"column":59},"end":{"line":49,"column":null}}}},"branchMap":{"0":{"loc":{"start":{"line":49,"column":17},"end":{"line":53,"column":10}},"type":"binary-expr","locations":[{"start":{"line":49,"column":17},"end":{"line":49,"column":26}},{"start":{"line":49,"column":30},"end":{"line":53,"column":10}}]}},"s":{"0":2,"1":2,"2":2,"3":13,"4":13,"5":13,"6":13,"7":13,"8":13,"9":13,"10":13,"11":3,"12":3,"13":13,"14":3,"15":13,"16":12,"17":6,"18":3,"19":3,"20":2,"21":1,"22":1,"23":6,"24":13,"25":9,"26":2},"f":{"0":13,"1":3,"2":3,"3":6,"4":12,"5":9},"b":{"0":[13,3]}}
,"C:\\Users\\srinu\\Downloads\\public_holidays\\src\\components\\HolidayList.tsx": {"path":"C:\\Users\\srinu\\Downloads\\public_holidays\\src\\components\\HolidayList.tsx","statementMap":{"0":{"start":{"line":1,"column":0},"end":{"line":1,"column":26}},"1":{"start":{"line":8,"column":48},"end":{"line":40,"column":1}},"2":{"start":{"line":8,"column":59},"end":{"line":8,"column":61}},"3":{"start":{"line":10,"column":18},"end":{"line":21,"column":1}},"4":{"start":{"line":11,"column":18},"end":{"line":11,"column":129}},"5":{"start":{"line":12,"column":14},"end":{"line":12,"column":28}},"6":{"start":{"line":13,"column":15},"end":{"line":13,"column":34}},"7":{"start":{"line":14,"column":14},"end":{"line":14,"column":25}},"8":{"start":{"line":15,"column":22},"end":{"line":15,"column":36}},"9":{"start":{"line":16,"column":4},"end":{"line":16,"column":27}},"10":{"start":{"line":17,"column":4},"end":{"line":17,"column":21}},"11":{"start":{"line":23,"column":2},"end":{"line":23,"column":56}},"12":{"start":{"line":23,"column":17},"end":{"line":23,"column":56}},"13":{"start":{"line":25,"column":2},"end":{"line":39,"column":4}},"14":{"start":{"line":28,"column":8},"end":{"line":36,"column":10}},"15":{"start":{"line":42,"column":0},"end":{"line":42,"column":27}}},"fnMap":{"0":{"name":"(anonymous_3)","decl":{"start":{"line":8,"column":48},"end":{"line":8,"column":49}},"loc":{"start":{"line":8,"column":61},"end":{"line":40,"column":1}}},"1":{"name":"(anonymous_4)","decl":{"start":{"line":10,"column":18},"end":{"line":10,"column":19}},"loc":{"start":{"line":10,"column":31},"end":{"line":21,"column":1}}},"2":{"name":"(anonymous_5)","decl":{"start":{"line":27,"column":20},"end":{"line":27,"column":21}},"loc":{"start":{"line":27,"column":31},"end":{"line":37,"column":7}}}},"branchMap":{"0":{"loc":{"start":{"line":23,"column":2},"end":{"line":23,"column":56}},"type":"if","locations":[{"start":{"line":23,"column":2},"end":{"line":23,"column":56}}]}},"s":{"0":2,"1":2,"2":2,"3":2,"4":3,"5":3,"6":3,"7":3,"8":3,"9":3,"10":3,"11":2,"12":0,"13":2,"14":3,"15":2},"f":{"0":2,"1":3,"2":3},"b":{"0":[0]}}
}
