TN:
SF:src\App.tsx
FN:8,(anonymous_20)
FN:13,(anonymous_21)
FN:13,(anonymous_22)
FNF:3
FNH:3
FNDA:5,(anonymous_20)
FNDA:2,(anonymous_21)
FNDA:2,(anonymous_22)
DA:1,1
DA:2,1
DA:3,1
DA:5,1
DA:6,1
DA:8,1
DA:9,5
DA:10,5
DA:13,5
DA:16,2
DA:18,1
DA:23,1
DA:24,1
DA:31,5
DA:41,1
LF:15
LH:15
BRDA:18,0,0,1
BRDA:18,0,1,0
BRDA:35,1,0,5
BRDA:35,1,1,1
BRDA:36,2,0,5
BRDA:36,2,1,1
BRF:6
BRH:5
end_of_record
TN:
SF:src\api\holidayApi.tsx
FN:5,(anonymous_13)
FN:5,(anonymous_14)
FN:16,(anonymous_16)
FNF:3
FNH:0
FNDA:0,(anonymous_13)
FNDA:0,(anonymous_14)
FNDA:0,(anonymous_16)
DA:5,1
DA:6,0
DA:7,0
DA:8,0
DA:10,0
DA:11,0
DA:16,1
DA:17,0
DA:18,0
DA:19,0
DA:22,0
DA:23,0
LF:12
LH:2
BRDA:6,0,0,0
BRDA:7,1,0,0
BRDA:17,2,0,0
BRDA:17,2,1,0
BRDA:18,3,0,0
BRF:5
BRH:0
end_of_record
TN:
SF:src\components\HolidayForm.tsx
FN:8,(anonymous_22)
FN:13,(anonymous_23)
FN:17,(anonymous_24)
FN:22,(anonymous_25)
FN:23,(anonymous_26)
FN:49,(anonymous_29)
FNF:6
FNH:6
FNDA:13,(anonymous_22)
FNDA:3,(anonymous_23)
FNDA:3,(anonymous_24)
FNDA:6,(anonymous_25)
FNDA:12,(anonymous_26)
FNDA:9,(anonymous_29)
DA:1,2
DA:2,2
DA:8,13
DA:9,13
DA:10,13
DA:13,13
DA:14,3
DA:15,3
DA:17,13
DA:18,3
DA:22,13
DA:23,12
DA:25,6
DA:27,3
DA:28,2
DA:32,1
DA:33,1
DA:39,6
DA:44,13
DA:49,9
DA:63,2
LF:21
LH:21
BRDA:49,0,0,13
BRDA:49,0,1,3
BRF:2
BRH:2
end_of_record
TN:
SF:src\components\HolidayList.tsx
FN:8,(anonymous_3)
FN:10,(anonymous_4)
FN:27,(anonymous_5)
FNF:3
FNH:3
FNDA:2,(anonymous_3)
FNDA:3,(anonymous_4)
FNDA:3,(anonymous_5)
DA:1,2
DA:8,2
DA:10,2
DA:11,3
DA:12,3
DA:13,3
DA:14,3
DA:15,3
DA:16,3
DA:17,3
DA:23,2
DA:25,2
DA:28,3
DA:42,2
LF:14
LH:14
BRDA:23,0,0,0
BRF:1
BRH:0
end_of_record
